<?xml version="1.0" encoding="UTF-8"?>
<!-- Generated by org.testng.reporters.JUnitReportReporter -->
<testsuite skipped="0" hostname="Pranay" name="com.hrm.testcases.LogoutPageTest" tests="1" failures="0" timestamp="15 Oct 2020 09:28:26 GMT" time="18.990" errors="0">
  <testcase name="LogOut" time="18.990" classname="com.hrm.testcases.LogoutPageTest"/>
</testsuite> <!-- com.hrm.testcases.LogoutPageTest -->
