<?xml version="1.0" encoding="UTF-8"?>
<!-- Generated by org.testng.reporters.JUnitReportReporter -->
<testsuite skipped="0" hostname="Pranay" name="com.config.Datamanager" tests="1" failures="0" timestamp="12 Oct 2020 10:04:40 GMT" time="0.012" errors="0">
  <testcase name="getbrowserName" time="0.012" classname="com.config.Datamanager"/>
</testsuite> <!-- com.config.Datamanager -->
