<?xml version="1.0" encoding="UTF-8"?>
<!-- Generated by org.testng.reporters.JUnitReportReporter -->
<testsuite skipped="0" hostname="Pranay" name="com.hrm.testcases.AddDisciplinaryCase" tests="2" failures="0" timestamp="15 Oct 2020 09:28:26 GMT" time="75.183" errors="0">
  <testcase name="validateDisciplineCaseTitle" time="37.388" classname="com.hrm.testcases.AddDisciplinaryCase"/>
  <testcase name="addDisciplineCase" time="37.795" classname="com.hrm.testcases.AddDisciplinaryCase"/>
</testsuite> <!-- com.hrm.testcases.AddDisciplinaryCase -->
